<?xml version="1.0" encoding="UTF-8"?>
<!-- Generated by org.testng.reporters.JUnitReportReporter -->
<testsuite hostname="DESKTOP-VRBAL0D" failures="0" tests="3" name="com.rafter.testcases.LoginPageTest" time="31.873" errors="0" timestamp="2023-02-09T14:07:59 IST" skipped="1">
  <testcase classname="com.rafter.testcases.LoginPageTest" name="validateLoginTest" time="20.525"/>
  <system-out/>
  <testcase classname="com.rafter.testcases.LoginPageTest" name="validateTitleTest" time="11.348"/>
  <system-out/>
  <testcase classname="com.rafter.testcases.LoginPageTest" name="forgotPasswordTest">
    <skipped/>
  </testcase> <!-- forgotPasswordTest -->
  <system-out/>
</testsuite> <!-- com.rafter.testcases.LoginPageTest -->
