<?xml version="1.0" encoding="UTF-8"?>
<!-- Generated by org.testng.reporters.JUnitReportReporter -->
<testsuite hostname="DESKTOP-VRBAL0D" failures="0" tests="3" name="com.rafter.testcases.LoginPageTest" time="38.751" errors="0" timestamp="2023-02-02T13:36:48 IST" skipped="0">
  <testcase classname="com.rafter.testcases.LoginPageTest" name="validateTitleTest" time="11.702"/>
  <system-out/>
  <testcase classname="com.rafter.testcases.LoginPageTest" name="validateLoginTest" time="12.539"/>
  <system-out/>
  <testcase classname="com.rafter.testcases.LoginPageTest" name="forgotPasswordTest" time="14.510"/>
  <system-out/>
</testsuite> <!-- com.rafter.testcases.LoginPageTest -->
