<?xml version="1.0" encoding="UTF-8"?>
<!-- Generated by org.testng.reporters.JUnitReportReporter -->
<testsuite hostname="DESKTOP-VRBAL0D" failures="0" tests="3" name="com.rafter.testcases.LoginPageTest" time="42.169" errors="0" timestamp="2023-02-02T13:43:16 IST" skipped="0">
  <testcase classname="com.rafter.testcases.LoginPageTest" name="forgotPasswordTest" time="11.625"/>
  <system-out/>
  <testcase classname="com.rafter.testcases.LoginPageTest" name="validateLoginTest" time="18.674"/>
  <system-out/>
  <testcase classname="com.rafter.testcases.LoginPageTest" name="validateTitleTest" time="11.870"/>
  <system-out/>
</testsuite> <!-- com.rafter.testcases.LoginPageTest -->
