<?xml version="1.0" encoding="UTF-8"?>
<!-- Generated by org.testng.reporters.JUnitReportReporter -->
<testsuite hostname="DESKTOP-VRBAL0D" failures="0" tests="2" name="com.rafter.testcases.DashboardPageTest" time="38.127" errors="0" timestamp="2023-02-02T13:43:16 IST" skipped="0">
  <testcase classname="com.rafter.testcases.DashboardPageTest" name="dashboardLabel" time="18.514"/>
  <system-out/>
  <testcase classname="com.rafter.testcases.DashboardPageTest" name="timeAtWorkSectionPresent" time="19.613"/>
  <system-out/>
</testsuite> <!-- com.rafter.testcases.DashboardPageTest -->
